<?xml version="1.0" encoding="UTF-8"?>
<!-- Generated by org.testng.reporters.JUnitReportReporter -->
<testsuite skipped="0" hostname="Dell-3400-QA4" name="web.automation.tests.SignUpPageTests" tests="2" failures="0" timestamp="2021-06-03T11:24:33 IST" time="65.216" errors="0">
  <testcase name="signUpWithValidCredential" time="28.451" classname="web.automation.tests.SignUpPageTests"/>
  <system-out/>
  <testcase name="signUpWithValidCredential" time="36.765" classname="web.automation.tests.SignUpPageTests"/>
  <system-out/>
</testsuite> <!-- web.automation.tests.SignUpPageTests -->
