<?xml version="1.0" encoding="UTF-8"?>
<!-- Generated by org.testng.reporters.JUnitXMLReporter -->
<testsuite hostname="Dell-3400-QA4" ignored="0" name="ChromeBrowserTest" tests="2" failures="0" timestamp="2021-06-03T11:24:32 IST" time="66.286" errors="0">
  <testcase name="signUpWithValidCredential" time="5.896" classname="web.automation.tests.SignUpPageTests"/>
  <testcase name="signUpWithValidCredential" time="2.397" classname="web.automation.tests.SignUpPageTests"/>
</testsuite> <!-- ChromeBrowserTest -->
