<?xml version="1.0" encoding="UTF-8"?>
<testsuite xmlns:xsi="http://www.w3.org/2001/XMLSchema-instance" xsi:noNamespaceSchemaLocation="https://maven.apache.org/surefire/maven-surefire-plugin/xsd/surefire-test-report.xsd" name="TestSuite" time="67.302" tests="2" errors="0" skipped="0" failures="0">
  <properties>
[...]
</properties>
  <testcase name="signUpWithValidCredential" classname="web.automation.tests.SignUpPageTests" time="6.336"/>
  <testcase name="signUpWithValidCredential" classname="web.automation.tests.SignUpPageTests" time="2.873"/>
</testsuite>